This is pdfTeX, Version 3.14159265-2.6-1.40.16 (TeX Live 2015/W32TeX) (preloaded format=pdflatex 2015.9.12)  14 APR 2017 18:39
entering extended mode
 restricted \write18 enabled.
 %&-line parsing enabled.
**./W3NNM.tex
(./W3NNM.tex
LaTeX2e <2015/01/01> patch level 2
Babel <3.9m> and hyphenation patterns for 79 languages loaded.
(c:/Software/texlive/2015/texmf-dist/tex/latex/base/article.cls
Document Class: article 2014/09/29 v1.4h Standard LaTeX document class
(c:/Software/texlive/2015/texmf-dist/tex/latex/base/size10.clo
File: size10.clo 2014/09/29 v1.4h Standard LaTeX file (size option)
)
\c@part=\count79
\c@section=\count80
\c@subsection=\count81
\c@subsubsection=\count82
\c@paragraph=\count83
\c@subparagraph=\count84
\c@figure=\count85
\c@table=\count86
\abovecaptionskip=\skip41
\belowcaptionskip=\skip42
\bibindent=\dimen102
) (./iccv.sty
(./eso-pic.sty
Package: eso-pic 2002/11/16 v1.1b eso-pic (RN)
 (./iccv_eso.sty

LaTeX Warning: You have requested package `eso-pic',
               but the package provides `everyshi'.

Package: everyshi 2001/05/15 v3.00 EveryShipout Package (MS)
) (c:/Software/texlive/2015/texmf-dist/tex/latex/graphics/keyval.sty
Package: keyval 2014/10/28 v1.15 key=value parser (DPC)
\KV@toks@=\toks14
))
(c:/Software/texlive/2015/texmf-dist/tex/latex/tools/xspace.sty
Package: xspace 2014/10/28 v1.13 Space after command names (DPC,MH)
)
ICCV 8.5 x 11-Inch Proceedings Style `iccv.sty'.
\@ctmp=\skip43
\@figindent=\skip44
\iccvrulerbox=\box26
\iccvrulercount=\count87
\iccvruleroffset=\dimen103
\cv@lineheight=\dimen104
\cv@boxheight=\dimen105
\cv@tmpbox=\box27
\cv@refno=\count88
\cv@tot=\count89
\cv@tmpc@=\count90
\cv@tmpc=\count91
) (c:/Software/texlive/2015/texmf-dist/tex/latex/psnfss/times.sty
Package: times 2005/04/12 PSNFSS-v9.2a (SPQR) 
)
(c:/Software/texlive/2015/texmf-dist/tex/latex/graphics/epsfig.sty
Package: epsfig 1999/02/16 v1.7a (e)psfig emulation (SPQR)

(c:/Software/texlive/2015/texmf-dist/tex/latex/graphics/graphicx.sty
Package: graphicx 2014/10/28 v1.0g Enhanced LaTeX Graphics (DPC,SPQR)

(c:/Software/texlive/2015/texmf-dist/tex/latex/graphics/graphics.sty
Package: graphics 2014/10/28 v1.0p Standard LaTeX Graphics (DPC,SPQR)

(c:/Software/texlive/2015/texmf-dist/tex/latex/graphics/trig.sty
Package: trig 1999/03/16 v1.09 sin cos tan (DPC)
)
(c:/Software/texlive/2015/texmf-dist/tex/latex/latexconfig/graphics.cfg
File: graphics.cfg 2010/04/23 v1.9 graphics configuration of TeX Live
)
Package graphics Info: Driver file: pdftex.def on input line 94.

(c:/Software/texlive/2015/texmf-dist/tex/latex/pdftex-def/pdftex.def
File: pdftex.def 2011/05/27 v0.06d Graphics/color for pdfTeX

(c:/Software/texlive/2015/texmf-dist/tex/generic/oberdiek/infwarerr.sty
Package: infwarerr 2010/04/08 v1.3 Providing info/warning/error messages (HO)
)
(c:/Software/texlive/2015/texmf-dist/tex/generic/oberdiek/ltxcmds.sty
Package: ltxcmds 2011/11/09 v1.22 LaTeX kernel commands for general use (HO)
)
\Gread@gobject=\count92
))
\Gin@req@height=\dimen106
\Gin@req@width=\dimen107
)
\epsfxsize=\dimen108
\epsfysize=\dimen109
)
(c:/Software/texlive/2015/texmf-dist/tex/latex/amsmath/amsmath.sty
Package: amsmath 2013/01/14 v2.14 AMS math features
\@mathmargin=\skip45

For additional information on amsmath, use the `?' option.
(c:/Software/texlive/2015/texmf-dist/tex/latex/amsmath/amstext.sty
Package: amstext 2000/06/29 v2.01

(c:/Software/texlive/2015/texmf-dist/tex/latex/amsmath/amsgen.sty
File: amsgen.sty 1999/11/30 v2.0
\@emptytoks=\toks15
\ex@=\dimen110
))
(c:/Software/texlive/2015/texmf-dist/tex/latex/amsmath/amsbsy.sty
Package: amsbsy 1999/11/29 v1.2d
\pmbraise@=\dimen111
)
(c:/Software/texlive/2015/texmf-dist/tex/latex/amsmath/amsopn.sty
Package: amsopn 1999/12/14 v2.01 operator names
)
\inf@bad=\count93
LaTeX Info: Redefining \frac on input line 210.
\uproot@=\count94
\leftroot@=\count95
LaTeX Info: Redefining \overline on input line 306.
\classnum@=\count96
\DOTSCASE@=\count97
LaTeX Info: Redefining \ldots on input line 378.
LaTeX Info: Redefining \dots on input line 381.
LaTeX Info: Redefining \cdots on input line 466.
\Mathstrutbox@=\box28
\strutbox@=\box29
\big@size=\dimen112
LaTeX Font Info:    Redeclaring font encoding OML on input line 566.
LaTeX Font Info:    Redeclaring font encoding OMS on input line 567.
\macc@depth=\count98
\c@MaxMatrixCols=\count99
\dotsspace@=\muskip10
\c@parentequation=\count100
\dspbrk@lvl=\count101
\tag@help=\toks16
\row@=\count102
\column@=\count103
\maxfields@=\count104
\andhelp@=\toks17
\eqnshift@=\dimen113
\alignsep@=\dimen114
\tagshift@=\dimen115
\tagwidth@=\dimen116
\totwidth@=\dimen117
\lineht@=\dimen118
\@envbody=\toks18
\multlinegap=\skip46
\multlinetaggap=\skip47
\mathdisplay@stack=\toks19
LaTeX Info: Redefining \[ on input line 2665.
LaTeX Info: Redefining \] on input line 2666.
)
(c:/Software/texlive/2015/texmf-dist/tex/latex/amsfonts/amssymb.sty
Package: amssymb 2013/01/14 v3.01 AMS font symbols

(c:/Software/texlive/2015/texmf-dist/tex/latex/amsfonts/amsfonts.sty
Package: amsfonts 2013/01/14 v3.01 Basic AMSFonts support
\symAMSa=\mathgroup4
\symAMSb=\mathgroup5
LaTeX Font Info:    Overwriting math alphabet `\mathfrak' in version `bold'
(Font)                  U/euf/m/n --> U/euf/b/n on input line 106.
))
(c:/Software/texlive/2015/texmf-dist/tex/latex/natbib/natbib.sty
Package: natbib 2010/09/13 8.31b (PWD, AO)
\bibhang=\skip48
\bibsep=\skip49
LaTeX Info: Redefining \cite on input line 694.
\c@NAT@ctr=\count105
)
(c:/Software/texlive/2015/texmf-dist/tex/latex/subfigure/subfigure.sty
Package: subfigure 2002/03/15 v2.1.5 subfigure package
\subfigtopskip=\skip50
\subfigcapskip=\skip51
\subfigcaptopadj=\dimen119
\subfigbottomskip=\skip52
\subfigcapmargin=\dimen120
\subfiglabelskip=\skip53
\c@subfigure=\count106
\c@lofdepth=\count107
\c@subtable=\count108
\c@lotdepth=\count109

****************************************
* Local config file subfigure.cfg used *
****************************************
(c:/Software/texlive/2015/texmf-dist/tex/latex/subfigure/subfigure.cfg)
\subfig@top=\skip54
\subfig@bottom=\skip55
)
(c:/Software/texlive/2015/texmf-dist/tex/latex/was/upgreek.sty
Package: upgreek 2003/02/12 v2.0 (WaS)
Package upgreek Info: Using Euler Roman for upright Greek on input line 31.
\symugrf@m=\mathgroup6
LaTeX Font Info:    Overwriting symbol font `ugrf@m' in version `bold'
(Font)                  U/eur/m/n --> U/eur/b/n on input line 38.
)
(c:/Software/texlive/2015/texmf-dist/tex/latex/multirow/multirow.sty
\bigstrutjot=\dimen121
)
(c:/Software/texlive/2015/texmf-dist/tex/latex/graphics/color.sty
Package: color 2014/10/28 v1.1a Standard LaTeX Color (DPC)

(c:/Software/texlive/2015/texmf-dist/tex/latex/latexconfig/color.cfg
File: color.cfg 2007/01/18 v1.5 color configuration of teTeX/TeXLive
)
Package color Info: Driver file: pdftex.def on input line 142.
)
(c:/Software/texlive/2015/texmf-dist/tex/latex/tools/bm.sty
Package: bm 2014/10/28 v1.1c Bold Symbol Support (DPC/FMi)
\symboldoperators=\mathgroup7
\symboldletters=\mathgroup8
\symboldsymbols=\mathgroup9
\symboldugrf@m=\mathgroup10
LaTeX Font Info:    Redeclaring math alphabet \mathbf on input line 141.
LaTeX Info: Redefining \bm on input line 207.
)
(c:/Software/texlive/2015/texmf-dist/tex/latex/arydshln/arydshln.sty
Package: arydshln 2004/08/31 v1.71 
\dashlinedash=\dimen122
\dashlinegap=\dimen123
\adl@box=\box30
\adl@height=\dimen124
\adl@heightsave=\dimen125
\adl@depth=\dimen126
\adl@depthsave=\dimen127
\adl@finaldepth=\dimen128
\adl@columns=\count110
\adl@ncol=\count111
\adl@currentcolumn=\count112
\adl@currentcolumnsave=\count113
\adl@totalheight=\count114
\adl@totalheightsave=\count115
\adl@dash=\count116
\adl@gap=\count117
\adl@cla=\count118
\adl@clb=\count119
\adl@everyvbox=\toks20
\adl@LTpagetotal=\dimen129
)
(c:/Software/texlive/2015/texmf-dist/tex/latex/base/latexsym.sty
Package: latexsym 1998/08/17 v2.2e Standard LaTeX package (lasy symbols)
\symlasy=\mathgroup11
LaTeX Font Info:    Overwriting symbol font `lasy' in version `bold'
(Font)                  U/lasy/m/n --> U/lasy/b/n on input line 52.
)
(c:/Software/texlive/2015/texmf-dist/tex/latex/amscls/amsthm.sty
Package: amsthm 2015/03/04 v2.20.2
\thm@style=\toks21
\thm@bodyfont=\toks22
\thm@headfont=\toks23
\thm@notefont=\toks24
\thm@headpunct=\toks25
\thm@preskip=\skip56
\thm@postskip=\skip57
\thm@headsep=\skip58
\dth@everypar=\toks26
)
\c@theorem=\count120

(c:/Software/texlive/2015/texmf-dist/tex/latex/lipsum/lipsum.sty
Package: lipsum 2014/07/27 v1.3 150 paragraphs of Lorem Ipsum dummy text
\c@lips@count=\count121
)
(c:/Software/texlive/2015/texmf-dist/tex/latex/hyperref/hyperref.sty
Package: hyperref 2012/11/06 v6.83m Hypertext links for LaTeX

(c:/Software/texlive/2015/texmf-dist/tex/generic/oberdiek/hobsub-hyperref.sty
Package: hobsub-hyperref 2012/05/28 v1.13 Bundle oberdiek, subset hyperref (HO)


(c:/Software/texlive/2015/texmf-dist/tex/generic/oberdiek/hobsub-generic.sty
Package: hobsub-generic 2012/05/28 v1.13 Bundle oberdiek, subset generic (HO)
Package: hobsub 2012/05/28 v1.13 Construct package bundles (HO)
Package hobsub Info: Skipping package `infwarerr' (already loaded).
Package hobsub Info: Skipping package `ltxcmds' (already loaded).
Package: ifluatex 2010/03/01 v1.3 Provides the ifluatex switch (HO)
Package ifluatex Info: LuaTeX not detected.
Package: ifvtex 2010/03/01 v1.5 Detect VTeX and its facilities (HO)
Package ifvtex Info: VTeX not detected.
Package: intcalc 2007/09/27 v1.1 Expandable calculations with integers (HO)
Package: ifpdf 2011/01/30 v2.3 Provides the ifpdf switch (HO)
Package ifpdf Info: pdfTeX in PDF mode is detected.
Package: etexcmds 2011/02/16 v1.5 Avoid name clashes with e-TeX commands (HO)
Package etexcmds Info: Could not find \expanded.
(etexcmds)             That can mean that you are not using pdfTeX 1.50 or
(etexcmds)             that some package has redefined \expanded.
(etexcmds)             In the latter case, load this package earlier.
Package: kvsetkeys 2012/04/25 v1.16 Key value parser (HO)
Package: kvdefinekeys 2011/04/07 v1.3 Define keys (HO)
Package: pdftexcmds 2011/11/29 v0.20 Utility functions of pdfTeX for LuaTeX (HO
)
Package pdftexcmds Info: LuaTeX not detected.
Package pdftexcmds Info: \pdf@primitive is available.
Package pdftexcmds Info: \pdf@ifprimitive is available.
Package pdftexcmds Info: \pdfdraftmode found.
Package: pdfescape 2011/11/25 v1.13 Implements pdfTeX's escape features (HO)
Package: bigintcalc 2012/04/08 v1.3 Expandable calculations on big integers (HO
)
Package: bitset 2011/01/30 v1.1 Handle bit-vector datatype (HO)
Package: uniquecounter 2011/01/30 v1.2 Provide unlimited unique counter (HO)
)
Package hobsub Info: Skipping package `hobsub' (already loaded).
Package: letltxmacro 2010/09/02 v1.4 Let assignment for LaTeX macros (HO)
Package: hopatch 2012/05/28 v1.2 Wrapper for package hooks (HO)
Package: xcolor-patch 2011/01/30 xcolor patch
Package: atveryend 2011/06/30 v1.8 Hooks at the very end of document (HO)
Package atveryend Info: \enddocument detected (standard20110627).
Package: atbegshi 2011/10/05 v1.16 At begin shipout hook (HO)
Package: refcount 2011/10/16 v3.4 Data extraction from label references (HO)
Package: hycolor 2011/01/30 v1.7 Color options for hyperref/bookmark (HO)
)
(c:/Software/texlive/2015/texmf-dist/tex/generic/ifxetex/ifxetex.sty
Package: ifxetex 2010/09/12 v0.6 Provides ifxetex conditional
)
(c:/Software/texlive/2015/texmf-dist/tex/latex/oberdiek/auxhook.sty
Package: auxhook 2011/03/04 v1.3 Hooks for auxiliary files (HO)
)
(c:/Software/texlive/2015/texmf-dist/tex/latex/oberdiek/kvoptions.sty
Package: kvoptions 2011/06/30 v3.11 Key value format for package options (HO)
)
\@linkdim=\dimen130
\Hy@linkcounter=\count122
\Hy@pagecounter=\count123

(c:/Software/texlive/2015/texmf-dist/tex/latex/hyperref/pd1enc.def
File: pd1enc.def 2012/11/06 v6.83m Hyperref: PDFDocEncoding definition (HO)
)
\Hy@SavedSpaceFactor=\count124

(c:/Software/texlive/2015/texmf-dist/tex/latex/latexconfig/hyperref.cfg
File: hyperref.cfg 2002/06/06 v1.2 hyperref configuration of TeXLive
)
Package hyperref Info: Option `breaklinks' set `true' on input line 4319.


Package hyperref Warning: Option `letterpaper' is no longer used.

Package hyperref Info: Option `colorlinks' set `true' on input line 4319.
Package hyperref Info: Option `bookmarks' set `false' on input line 4319.
Package hyperref Info: Hyper figures OFF on input line 4443.
Package hyperref Info: Link nesting OFF on input line 4448.
Package hyperref Info: Hyper index ON on input line 4451.
Package hyperref Info: Plain pages OFF on input line 4458.
Package hyperref Info: Backreferencing ON on input line 4461.
Package hyperref Info: Implicit mode ON; LaTeX internals redefined.
Package hyperref Info: Bookmarks OFF on input line 4694.
(c:/Software/texlive/2015/texmf-dist/tex/latex/hyperref/backref.sty
Package: backref 2012/07/25 v1.38 Bibliographical back referencing

(c:/Software/texlive/2015/texmf-dist/tex/latex/oberdiek/rerunfilecheck.sty
Package: rerunfilecheck 2011/04/15 v1.7 Rerun checks for auxiliary files (HO)
Package uniquecounter Info: New unique counter `rerunfilecheck' on input line 2
82.
))
\c@Hy@tempcnt=\count125

(c:/Software/texlive/2015/texmf-dist/tex/latex/url/url.sty
\Urlmuskip=\muskip11
Package: url 2013/09/16  ver 3.4  Verb mode for urls, etc.
)
LaTeX Info: Redefining \url on input line 5041.
\XeTeXLinkMargin=\dimen131
\Fld@menulength=\count126
\Field@Width=\dimen132
\Fld@charsize=\dimen133
Package hyperref Info: Hyper figures OFF on input line 6295.
Package hyperref Info: Link nesting OFF on input line 6300.
Package hyperref Info: Hyper index ON on input line 6303.
Package hyperref Info: backreferencing ON on input line 6308.
Package hyperref Info: Link coloring ON on input line 6313.
Package hyperref Info: Link coloring with OCG OFF on input line 6320.
Package hyperref Info: PDF/A mode OFF on input line 6325.
LaTeX Info: Redefining \ref on input line 6365.
LaTeX Info: Redefining \pageref on input line 6369.
\Hy@abspage=\count127
\c@Item=\count128
\c@Hfootnote=\count129
)

Package hyperref Message: Driver (autodetected): hpdftex.

(c:/Software/texlive/2015/texmf-dist/tex/latex/hyperref/hpdftex.def
File: hpdftex.def 2012/11/06 v6.83m Hyperref driver for pdfTeX
\Fld@listcount=\count130
\c@bookmark@seq@number=\count131
\Hy@SectionHShift=\skip59
)
No file W3NNM.aux.
\openout1 = `W3NNM.aux'.

LaTeX Font Info:    Checking defaults for OML/cmm/m/it on input line 52.
LaTeX Font Info:    ... okay on input line 52.
LaTeX Font Info:    Checking defaults for T1/cmr/m/n on input line 52.
LaTeX Font Info:    ... okay on input line 52.
LaTeX Font Info:    Checking defaults for OT1/cmr/m/n on input line 52.
LaTeX Font Info:    ... okay on input line 52.
LaTeX Font Info:    Checking defaults for OMS/cmsy/m/n on input line 52.
LaTeX Font Info:    ... okay on input line 52.
LaTeX Font Info:    Checking defaults for OMX/cmex/m/n on input line 52.
LaTeX Font Info:    ... okay on input line 52.
LaTeX Font Info:    Checking defaults for U/cmr/m/n on input line 52.
LaTeX Font Info:    ... okay on input line 52.
LaTeX Font Info:    Checking defaults for PD1/pdf/m/n on input line 52.
LaTeX Font Info:    ... okay on input line 52.
LaTeX Font Info:    Try loading font information for OT1+ptm on input line 52.
(c:/Software/texlive/2015/texmf-dist/tex/latex/psnfss/ot1ptm.fd
File: ot1ptm.fd 2001/06/04 font definitions for OT1/ptm.
)
ABD: EveryShipout initializing macros
(c:/Software/texlive/2015/texmf-dist/tex/context/base/supp-pdf.mkii
[Loading MPS to PDF converter (version 2006.09.02).]
\scratchcounter=\count132
\scratchdimen=\dimen134
\scratchbox=\box31
\nofMPsegments=\count133
\nofMParguments=\count134
\everyMPshowfont=\toks27
\MPscratchCnt=\count135
\MPscratchDim=\dimen135
\MPnumerator=\count136
\makeMPintoPDFobject=\count137
\everyMPtoPDFconversion=\toks28
) (c:/Software/texlive/2015/texmf-dist/tex/latex/oberdiek/epstopdf-base.sty
Package: epstopdf-base 2010/02/09 v2.5 Base part for package epstopdf

(c:/Software/texlive/2015/texmf-dist/tex/latex/oberdiek/grfext.sty
Package: grfext 2010/08/19 v1.1 Manage graphics extensions (HO)
)
Package grfext Info: Graphics extension search list:
(grfext)             [.png,.pdf,.jpg,.mps,.jpeg,.jbig2,.jb2,.PNG,.PDF,.JPG,.JPE
G,.JBIG2,.JB2,.eps]
(grfext)             \AppendGraphicsExtensions on input line 452.

(c:/Software/texlive/2015/texmf-dist/tex/latex/latexconfig/epstopdf-sys.cfg
File: epstopdf-sys.cfg 2010/07/13 v1.3 Configuration of (r)epstopdf for TeX Liv
e
))
\AtBeginShipoutBox=\box32
Package atbegshi Info: Package `everyshi' patched.
Package backref Info: ** backref set up for natbib ** on input line 52.
Package hyperref Info: Link coloring ON on input line 52.

(c:/Software/texlive/2015/texmf-dist/tex/latex/hyperref/nameref.sty
Package: nameref 2012/10/27 v2.43 Cross-referencing by name of section

(c:/Software/texlive/2015/texmf-dist/tex/generic/oberdiek/gettitlestring.sty
Package: gettitlestring 2010/12/03 v1.4 Cleanup title references (HO)
)
\c@section@level=\count138
)
LaTeX Info: Redefining \ref on input line 52.
LaTeX Info: Redefining \pageref on input line 52.
LaTeX Info: Redefining \nameref on input line 52.
LaTeX Font Info:    Font shape `OT1/ptm/bx/n' in size <14.4> not available
(Font)              Font shape `OT1/ptm/b/n' tried instead on input line 77.
LaTeX Font Info:    Try loading font information for U+msa on input line 77.

(c:/Software/texlive/2015/texmf-dist/tex/latex/amsfonts/umsa.fd
File: umsa.fd 2013/01/14 v3.01 AMS symbols A
)
LaTeX Font Info:    Try loading font information for U+msb on input line 77.

(c:/Software/texlive/2015/texmf-dist/tex/latex/amsfonts/umsb.fd
File: umsb.fd 2013/01/14 v3.01 AMS symbols B
)
LaTeX Font Info:    Try loading font information for U+lasy on input line 77.

(c:/Software/texlive/2015/texmf-dist/tex/latex/base/ulasy.fd
File: ulasy.fd 1998/08/17 v2.2e LaTeX symbol font definitions
)
LaTeX Font Info:    Font shape `OT1/ptm/bx/n' in size <12> not available
(Font)              Font shape `OT1/ptm/b/n' tried instead on input line 79.
LaTeX Font Info:    Font shape `OT1/ptm/bx/n' in size <10> not available
(Font)              Font shape `OT1/ptm/b/n' tried instead on input line 85.


Package natbib Warning: Citation `bm3d' on page 1 undefined on input line 85.


Package natbib Warning: Citation `ksvd' on page 1 undefined on input line 85.


Package natbib Warning: Citation `wnnm' on page 1 undefined on input line 85.


Package natbib Warning: Citation `nlm' on page 1 undefined on input line 85.


Package natbib Warning: Citation `ksvd' on page 1 undefined on input line 85.


Package natbib Warning: Citation `bm3d' on page 1 undefined on input line 85.


Package natbib Warning: Citation `lssc' on page 1 undefined on input line 85.


Package natbib Warning: Citation `epll' on page 1 undefined on input line 85.


Package natbib Warning: Citation `ncsr' on page 1 undefined on input line 85.


Package natbib Warning: Citation `pgpd' on page 1 undefined on input line 85.


Package natbib Warning: Citation `wnnm' on page 1 undefined on input line 85.


Package natbib Warning: Citation `mlp' on page 1 undefined on input line 85.


Package natbib Warning: Citation `csf' on page 1 undefined on input line 85.


Package natbib Warning: Citation `chen2015learning' on page 1 undefined on inpu
t line 85.


Package natbib Warning: Citation `foe' on page 1 undefined on input line 87.


Package natbib Warning: Citation `cbm3d' on page 1 undefined on input line 87.


Package natbib Warning: Citation `cbm3d' on page 1 undefined on input line 87.


Package natbib Warning: Citation `mairal2008sparse' on page 1 undefined on inpu
t line 87.


Package natbib Warning: Citation `Zhu_2016_CVPR' on page 1 undefined on input l
ine 87.


Package natbib Warning: Citation `Liu2008' on page 1 undefined on input line 89
.


Package natbib Warning: Citation `Leungtip' on page 1 undefined on input line 8
9.


Package natbib Warning: Citation `crosschannel2016' on page 1 undefined on inpu
t line 89.


Package natbib Warning: Citation `crosschannel2016' on page 1 undefined on inpu
t line 89.


Package natbib Warning: Citation `karaimer_brown_ECCV_2016' on page 1 undefined
 on input line 89.


Package natbib Warning: Citation `mairal2008sparse' on page 1 undefined on inpu
t line 89.


Package natbib Warning: Citation `wnnm' on page 1 undefined on input line 91.


Package natbib Warning: Citation `wnnmijcv' on page 1 undefined on input line 9
1.


Package natbib Warning: Citation `wnnmijcv' on page 1 undefined on input line 9
1.


Package natbib Warning: Citation `admm' on page 1 undefined on input line 91.

LaTeX Font Info:    Try loading font information for OT1+phv on input line 92.
(c:/Software/texlive/2015/texmf-dist/tex/latex/psnfss/ot1phv.fd
File: ot1phv.fd 2001/06/04 scalable font definitions for OT1/phv.
) [1{c:/Software/texlive/2015/texmf-var/fonts/map/pdftex/updmap/pdftex.map}


]

Package natbib Warning: Citation `cai2010singular' on page 2 undefined on input
 line 96.


Package natbib Warning: Citation `wnnm' on page 2 undefined on input line 96.


Package natbib Warning: Citation `wnnmijcv' on page 2 undefined on input line 9
6.


Package natbib Warning: Citation `wnnmijcv' on page 2 undefined on input line 1
05.


LaTeX Warning: Reference `e1' on page 2 undefined on input line 105.


Package natbib Warning: Citation `eckart1936approximation' on page 2 undefined 
on input line 117.


LaTeX Warning: Reference `f1' on page 2 undefined on input line 129.


Package natbib Warning: Citation `cbm3d' on page 2 undefined on input line 133.



Package natbib Warning: Citation `bm3d' on page 2 undefined on input line 133.


Package natbib Warning: Citation `Liu2008' on page 2 undefined on input line 13
3.


Package natbib Warning: Citation `mairal2008sparse' on page 2 undefined on inpu
t line 133.


Package natbib Warning: Citation `noiseclinic' on page 2 undefined on input lin
e 133.


Package natbib Warning: Citation `ncwebsite' on page 2 undefined on input line 
133.


Package natbib Warning: Citation `Zhu_2016_CVPR' on page 2 undefined on input l
ine 133.


Package natbib Warning: Citation `crosschannel2016' on page 2 undefined on inpu
t line 133.


Package natbib Warning: Citation `kervrann2007bayesian' on page 2 undefined on 
input line 133.


Package natbib Warning: Citation `neatimage' on page 2 undefined on input line 
133.


Package natbib Warning: Citation `crosschannel2016' on page 2 undefined on inpu
t line 133.


Package natbib Warning: Citation `neatimage' on page 2 undefined on input line 
133.


Package natbib Warning: Citation `bm3d' on page 2 undefined on input line 133.


Package natbib Warning: Citation `wnnm' on page 2 undefined on input line 133.


Overfull \hbox (58.67165pt too wide) in paragraph at lines 138--138
[] \OT1/ptm/b/n/12 . [] 
 []


Overfull \hbox (65.54163pt too wide) in paragraph at lines 140--140
[] \elvbf . [] 
 []


Package natbib Warning: Citation `foe' on page 2 undefined on input line 143.


Package natbib Warning: Citation `ksvd' on page 2 undefined on input line 143.


Package natbib Warning: Citation `bm3d' on page 2 undefined on input line 143.


Package natbib Warning: Citation `lssc' on page 2 undefined on input line 143.


Package natbib Warning: Citation `epll' on page 2 undefined on input line 143.


Package natbib Warning: Citation `ncsr' on page 2 undefined on input line 143.


Package natbib Warning: Citation `mlp' on page 2 undefined on input line 143.


Package natbib Warning: Citation `csf' on page 2 undefined on input line 143.


Package natbib Warning: Citation `wnnm' on page 2 undefined on input line 143.


Package natbib Warning: Citation `pgpd' on page 2 undefined on input line 143.


Package natbib Warning: Citation `chen2015learning' on page 2 undefined on inpu
t line 143.


Package natbib Warning: Citation `Liu2008' on page 2 undefined on input line 14
5.


Package natbib Warning: Citation `Leungtip' on page 2 undefined on input line 1
45.


Package natbib Warning: Citation `crosschannel2016' on page 2 undefined on inpu
t line 145.


LaTeX Warning: Reference `f1' on page 2 undefined on input line 145.


Package natbib Warning: Citation `wnnmijcv' on page 2 undefined on input line 1
45.


LaTeX Warning: Reference `f1' on page 2 undefined on input line 145.

[2]

Package natbib Warning: Citation `wnnmijcv' on page 3 undefined on input line 1
56.


LaTeX Warning: Reference `f1' on page 3 undefined on input line 156.


LaTeX Warning: Reference `f1' on page 3 undefined on input line 156.


Underfull \hbox (badness 5260) in paragraph at lines 162--164
[]\OT1/ptm/m/n/10 Let's de-note the noisy patch ma-trix by $\OT1/cmr/bx/n/10 Y 
\OT1/cmr/m/n/10 =
 []


Package natbib Warning: Citation `Leungtip' on page 3 undefined on input line 1
78.


LaTeX Warning: Reference `e7' on page 3 undefined on input line 198.


LaTeX Warning: Reference `e6' on page 3 undefined on input line 198.


LaTeX Warning: Reference `e5' on page 3 undefined on input line 198.


Package natbib Warning: Citation `wnnmijcv' on page 3 undefined on input line 2
38.


Package natbib Warning: Citation `courant1943' on page 3 undefined on input lin
e 240.


Package natbib Warning: Citation `Eckstein1992' on page 3 undefined on input li
ne 240.


LaTeX Warning: Reference `e10' on page 3 undefined on input line 253.


Package natbib Warning: Citation `admm' on page 3 undefined on input line 253.


Overfull \hbox (22.59041pt too wide) detected at line 288
[]\OT1/cmr/bx/n/10 X[] \OT1/cmr/m/n/10 = [] [] \OMS/cmsy/m/n/10 k\OT1/cmr/bx/n/
10 W[]\OT1/cmr/m/n/10 (\OT1/cmr/bx/n/10 Y \OMS/cmsy/m/n/10 ^^@ \OT1/cmr/bx/n/10
 X\OT1/cmr/m/n/10 )\OT1/cmr/bx/n/10 W[]\OMS/cmsy/m/n/10 k[] \OT1/cmr/m/n/10 + [
]\OMS/cmsy/m/n/10 k\OT1/cmr/bx/n/10 X \OMS/cmsy/m/n/10 ^^@ \OT1/cmr/bx/n/10 Z[]
 \OT1/cmr/m/n/10 + \OML/cmm/m/it/10 ^^Z[]\OT1/cmr/bx/n/10 A[]\OMS/cmsy/m/n/10 j
j[]\OML/cmm/m/it/10 :
 []

[3]

Package natbib Warning: Citation `wnnmijcv' on page 4 undefined on input line 3
11.


Package natbib Warning: Citation `wnnmijcv' on page 4 undefined on input line 3
47.


Package natbib Warning: Citation `wnnmijcv' on page 4 undefined on input line 3
59.


LaTeX Warning: Reference `th1' on page 4 undefined on input line 375.


Overfull \hbox (3.56223pt too wide) in paragraph at lines 379--436
[][]
 []


LaTeX Warning: Reference `e17' on page 4 undefined on input line 452.


Underfull \hbox (badness 2080) in paragraph at lines 452--525
\OT1/cmr/bx/n/10 X[]\OMS/cmsy/m/n/10 k[] ^^T [][]\OT1/cmr/m/n/10 (\OMS/cmsy/m/n
/10 k\OT1/cmr/m/n/10 (\OT1/cmr/bx/n/10 W[]W \OT1/cmr/m/n/10 + []\OT1/cmr/bx/n/1
0 I\OT1/cmr/m/n/10 )[](\OT1/cmr/bx/n/10 W[]WY \OMS/cmsy/m/n/10 ^^@
 []


LaTeX Warning: Reference `e10' on page 4 undefined on input line 552.


Package natbib Warning: Citation `cbm3d' on page 4 undefined on input line 575.



Package natbib Warning: Citation `mlp' on page 4 undefined on input line 575.


Package natbib Warning: Citation `wnnm' on page 4 undefined on input line 575.


Package natbib Warning: Citation `chen2015learning' on page 4 undefined on inpu
t line 575.


Package natbib Warning: Citation `noiseclinic' on page 4 undefined on input lin
e 575.


Package natbib Warning: Citation `ncwebsite' on page 4 undefined on input line 
575.


Package natbib Warning: Citation `crosschannel2016' on page 4 undefined on inpu
t line 575.


Package natbib Warning: Citation `neatimage' on page 4 undefined on input line 
575.

[4]

Package natbib Warning: Citation `noiselevel' on page 5 undefined on input line
 580.


Package natbib Warning: Citation `Chen2015ICCV' on page 5 undefined on input li
ne 580.


Package natbib Warning: Citation `Chen2015ICCV' on page 5 undefined on input li
ne 580.


Package natbib Warning: Citation `cbm3d' on page 5 undefined on input line 583.



Package natbib Warning: Citation `mlp' on page 5 undefined on input line 590.


Package natbib Warning: Citation `chen2015learning' on page 5 undefined on inpu
t line 590.


Package natbib Warning: Citation `wnnmijcv' on page 5 undefined on input line 5
93.


LaTeX Warning: Reference `e21' on page 5 undefined on input line 595.


Package natbib Warning: Citation `cbm3d' on page 5 undefined on input line 603.



Package natbib Warning: Citation `mlp' on page 5 undefined on input line 603.


Package natbib Warning: Citation `chen2015learning' on page 5 undefined on inpu
t line 603.


Package natbib Warning: Citation `noiseclinic' on page 5 undefined on input lin
e 603.


Package natbib Warning: Citation `neatimage' on page 5 undefined on input line 
603.

LaTeX Font Info:    Try loading font information for OT1+pcr on input line 603.

(c:/Software/texlive/2015/texmf-dist/tex/latex/psnfss/ot1pcr.fd
File: ot1pcr.fd 2001/06/04 font definitions for OT1/pcr.
)

LaTeX Warning: Reference `t1' on page 5 undefined on input line 605.

LaTeX Font Info:    Font shape `OT1/ptm/bx/n' in size <8> not available
(Font)              Font shape `OT1/ptm/b/n' tried instead on input line 623.

Package natbib Warning: Citation `ncwebsite' on page 5 undefined on input line 
729.


Package natbib Warning: Citation `crosschannel2016' on page 5 undefined on inpu
t line 731.


Package natbib Warning: Citation `crosschannel2016' on page 5 undefined on inpu
t line 731.


LaTeX Warning: Reference `f2' on page 5 undefined on input line 731.

[5]

Package natbib Warning: Citation `ncwebsite' on page 6 undefined on input line 
733.


Package natbib Warning: Citation `ncwebsite' on page 6 undefined on input line 
735.


Package natbib Warning: Citation `crosschannel2016' on page 6 undefined on inpu
t line 735.


LaTeX Warning: Reference `f3' on page 6 undefined on input line 737.


Package natbib Warning: Citation `crosschannel2016' on page 6 undefined on inpu
t line 741.


Package natbib Warning: Citation `crosschannel2016' on page 6 undefined on inpu
t line 743.


Underfull \vbox (badness 3568) has occurred while \output is active []



Package natbib Warning: Citation `crosschannel2016' on page 6 undefined on inpu
t line 745.


Package natbib Warning: Citation `crosschannel2016' on page 6 undefined on inpu
t line 745.


LaTeX Warning: Reference `t2' on page 6 undefined on input line 745.


Package natbib Warning: Citation `mlp' on page 6 undefined on input line 745.


Package natbib Warning: Citation `chen2015learning' on page 6 undefined on inpu
t line 745.


Package natbib Warning: Citation `crosschannel2016' on page 6 undefined on inpu
t line 745.


Package natbib Warning: Citation `crosschannel2016' on page 6 undefined on inpu
t line 745.


LaTeX Warning: Reference `f4' on page 6 undefined on input line 747.


LaTeX Warning: Reference `f4' on page 6 undefined on input line 747.


LaTeX Warning: Reference `f4' on page 6 undefined on input line 747.


LaTeX Warning: Reference `f4' on page 6 undefined on input line 747.

[6]
LaTeX Font Info:    Font shape `OT1/ptm/bx/n' in size <9> not available
(Font)              Font shape `OT1/ptm/b/n' tried instead on input line 750.


Package natbib Warning: Citation `crosschannel2016' on page 7 undefined on inpu
t line 750.


Package natbib Warning: Citation `nearcor' on page 7 undefined on input line 85
1.

No file W3NNM.bbl.

Package natbib Warning: There were undefined citations.

Package atveryend Info: Empty hook `BeforeClearDocument' on input line 860.
[7

] [8]
Package atveryend Info: Empty hook `AfterLastShipout' on input line 860.
 (./W3NNM.aux)
Package atveryend Info: Executing hook `AtVeryEndDocument' on input line 860.
Package atveryend Info: Empty hook `AtEndAfterFileList' on input line 860.


LaTeX Warning: There were undefined references.


LaTeX Warning: Label(s) may have changed. Rerun to get cross-references right.

Package atveryend Info: Empty hook `AtVeryVeryEnd' on input line 860.
 ) 
Here is how much of TeX's memory you used:
 7731 strings out of 493091
 109383 string characters out of 6134517
 328344 words of memory out of 5000000
 11004 multiletter control sequences out of 15000+600000
 44624 words of font info for 109 fonts, out of 8000000 for 9000
 1141 hyphenation exceptions out of 8191
 34i,17n,28p,1506b,392s stack positions out of 5000i,500n,10000p,200000b,80000s
{c:/Software/texlive/2015/texmf-dist/fonts/enc/dvips/base/8r.enc}<c:/Software
/texlive/2015/texmf-dist/fonts/type1/public/amsfonts/cm/cmbx10.pfb><c:/Software
/texlive/2015/texmf-dist/fonts/type1/public/amsfonts/cm/cmbx7.pfb><c:/Software/
texlive/2015/texmf-dist/fonts/type1/public/amsfonts/cm/cmex10.pfb><c:/Software/
texlive/2015/texmf-dist/fonts/type1/public/amsfonts/cm/cmmi10.pfb><c:/Software/
texlive/2015/texmf-dist/fonts/type1/public/amsfonts/cm/cmmi5.pfb><c:/Software/t
exlive/2015/texmf-dist/fonts/type1/public/amsfonts/cm/cmmi6.pfb><c:/Software/te
xlive/2015/texmf-dist/fonts/type1/public/amsfonts/cm/cmmi7.pfb><c:/Software/tex
live/2015/texmf-dist/fonts/type1/public/amsfonts/cm/cmmi8.pfb><c:/Software/texl
ive/2015/texmf-dist/fonts/type1/public/amsfonts/cm/cmmib10.pfb><c:/Software/tex
live/2015/texmf-dist/fonts/type1/public/amsfonts/cmextra/cmmib7.pfb><c:/Softwar
e/texlive/2015/texmf-dist/fonts/type1/public/amsfonts/cm/cmr10.pfb><c:/Software
/texlive/2015/texmf-dist/fonts/type1/public/amsfonts/cm/cmr5.pfb><c:/Software/t
exlive/2015/texmf-dist/fonts/type1/public/amsfonts/cm/cmr7.pfb><c:/Software/tex
live/2015/texmf-dist/fonts/type1/public/amsfonts/cm/cmr8.pfb><c:/Software/texli
ve/2015/texmf-dist/fonts/type1/public/amsfonts/cm/cmsy10.pfb><c:/Software/texli
ve/2015/texmf-dist/fonts/type1/public/amsfonts/cm/cmsy5.pfb><c:/Software/texliv
e/2015/texmf-dist/fonts/type1/public/amsfonts/cm/cmsy7.pfb><c:/Software/texlive
/2015/texmf-dist/fonts/type1/public/amsfonts/symbols/msbm10.pfb><c:/Software/te
xlive/2015/texmf-dist/fonts/type1/urw/courier/ucrr8a.pfb><c:/Software/texlive/2
015/texmf-dist/fonts/type1/urw/helvetic/uhvb8a.pfb><c:/Software/texlive/2015/te
xmf-dist/fonts/type1/urw/helvetic/uhvr8a.pfb><c:/Software/texlive/2015/texmf-di
st/fonts/type1/urw/times/utmb8a.pfb><c:/Software/texlive/2015/texmf-dist/fonts/
type1/urw/times/utmr8a.pfb><c:/Software/texlive/2015/texmf-dist/fonts/type1/urw
/times/utmri8a.pfb>
Output written on W3NNM.pdf (8 pages, 273340 bytes).
PDF statistics:
 194 PDF objects out of 1000 (max. 8388607)
 158 compressed objects within 2 object streams
 49 named destinations out of 1000 (max. 500000)
 1 words of extra memory for PDF output out of 10000 (max. 10000000)

